-outxml
-source
1.6
-target
1.6
-classpath
E:\spring\springsource\repository\antlr\antlr\2.7.7\antlr-2.7.7.jar;E:\spring\springsource\repository\aopalliance\aopalliance\1.0\aopalliance-1.0.jar;E:\spring\springsource\repository\asm\asm\3.1\asm-3.1.jar;E:\spring\springsource\repository\backport-util-concurrent\backport-util-concurrent\3.1\backport-util-concurrent-3.1.jar;E:\spring\springsource\repository\c3p0\c3p0\0.9.1.2\c3p0-0.9.1.2.jar;E:\spring\springsource\repository\cglib\cglib\2.2\cglib-2.2.jar;E:\spring\springsource\repository\com\fasterxml\jackson\core\jackson-annotations\2.1.1\jackson-annotations-2.1.1.jar;E:\spring\springsource\repository\com\fasterxml\jackson\core\jackson-core\2.1.2\jackson-core-2.1.2.jar;E:\spring\springsource\repository\com\fasterxml\jackson\core\jackson-databind\2.1.2\jackson-databind-2.1.2.jar;E:\spring\springsource\repository\com\googlecode\json-simple\json-simple\1.1.1\json-simple-1.1.1.jar;E:\spring\springsource\repository\com\h2database\h2\1.3.152\h2-1.3.152.jar;E:\spring\springsource\repository\com\lowagie\itext\4.2.1\itext-4.2.1.jar;E:\spring\springsource\repository\com\mysema\codegen\codegen\0.4.9\codegen-0.4.9.jar;E:\spring\springsource\repository\com\mysema\commons\mysema-commons-lang\0.2.2\mysema-commons-lang-0.2.2.jar;E:\spring\springsource\repository\com\mysema\querydsl\querydsl-core\2.3.3\querydsl-core-2.3.3.jar;E:\spring\springsource\repository\com\mysema\querydsl\querydsl-jpa\2.3.3\querydsl-jpa-2.3.3.jar;E:\spring\springsource\repository\com\shopizer\sm-core\0.0.1-SNAPSHOT\sm-core-0.0.1-SNAPSHOT.jar;E:\spring\springsource\repository\com\shopizer\sm-search\0.0.3\sm-search-0.0.3.jar;E:\spring\springsource\repository\com\sleepycat\je\4.0.92\je-4.0.92.jar;E:\spring\springsource\repository\com\spatial4j\spatial4j\0.3\spatial4j-0.3.jar;E:\spring\springsource\repository\com\sun\xml\bind\jaxb-impl\2.1.3\jaxb-impl-2.1.3.jar;E:\spring\springsource\repository\commons-beanutils\commons-beanutils\1.8.3\commons-beanutils-1.8.3.jar;E:\spring\springsource\repository\commons-beanutils\commons-beanutils-core\1.8.0\commons-beanutils-core-1.8.0.jar;E:\spring\springsource\repository\commons-codec\commons-codec\1.2\commons-codec-1.2.jar;E:\spring\springsource\repository\commons-collections\commons-collections\3.2.1\commons-collections-3.2.1.jar;E:\spring\springsource\repository\commons-configuration\commons-configuration\1.6\commons-configuration-1.6.jar;E:\spring\springsource\repository\commons-digester\commons-digester\1.8\commons-digester-1.8.jar;E:\spring\springsource\repository\commons-fileupload\commons-fileupload\1.2.2\commons-fileupload-1.2.2.jar;E:\spring\springsource\repository\commons-httpclient\commons-httpclient\3.1\commons-httpclient-3.1.jar;E:\spring\springsource\repository\commons-io\commons-io\2.0.1\commons-io-2.0.1.jar;E:\spring\springsource\repository\commons-lang\commons-lang\2.6\commons-lang-2.6.jar;E:\spring\springsource\repository\commons-logging\commons-logging\1.1.1\commons-logging-1.1.1.jar;E:\spring\springsource\repository\commons-logging\commons-logging-api\1.1\commons-logging-api-1.1.jar;E:\spring\springsource\repository\commons-validator\commons-validator\1.4.0\commons-validator-1.4.0.jar;E:\spring\springsource\repository\dom4j\dom4j\1.6.1\dom4j-1.6.1.jar;E:\spring\springsource\repository\javassist\javassist\3.3\javassist-3.3.jar;E:\spring\springsource\repository\javax\activation\activation\1.1\activation-1.1.jar;E:\spring\springsource\repository\javax\annotation\jsr250-api\1.0\jsr250-api-1.0.jar;E:\spring\springsource\repository\javax\inject\javax.inject\1\javax.inject-1.jar;E:\spring\springsource\repository\javax\mail\mail\1.4.5\mail-1.4.5.jar;E:\spring\springsource\repository\javax\servlet\jstl\1.2\jstl-1.2.jar;E:\spring\springsource\repository\javax\servlet\servlet-api\2.5\servlet-api-2.5.jar;E:\spring\springsource\repository\javax\servlet\jsp\jsp-api\2.1\jsp-api-2.1.jar;E:\spring\springsource\repository\javax\servlet\jsp\jstl\jstl-api\1.2\jstl-api-1.2.jar;E:\spring\springsource\repository\javax\transaction\jta\1.1\jta-1.1.jar;E:\spring\springsource\repository\javax\validation\validation-api\1.0.0.GA\validation-api-1.0.0.GA.jar;E:\spring\springsource\repository\javax\xml\bind\jaxb-api\2.1\jaxb-api-2.1.jar;E:\spring\springsource\repository\javax\xml\stream\stax-api\1.0-2\stax-api-1.0-2.jar;E:\spring\springsource\repository\jdom\jdom\1.0\jdom-1.0.jar;E:\spring\springsource\repository\jfree\jcommon\1.0.15\jcommon-1.0.15.jar;E:\spring\springsource\repository\jfree\jfreechart\1.0.12\jfreechart-1.0.12.jar;E:\spring\springsource\repository\jgroups\jgroups\2.6.13.GA\jgroups-2.6.13.GA.jar;E:\spring\springsource\repository\joda-time\joda-time\2.0\joda-time-2.0.jar;E:\spring\springsource\repository\junit\junit\4.8.2\junit-4.8.2.jar;E:\spring\springsource\repository\log4j\log4j\1.2.16\log4j-1.2.16.jar;E:\spring\springsource\repository\mysql\mysql-connector-java\5.1.19\mysql-connector-java-5.1.19.jar;E:\spring\springsource\repository\net\java\dev\rome\rome\1.0.0\rome-1.0.0.jar;E:\spring\springsource\repository\net\sf\ehcache\ehcache\1.5.0\ehcache-1.5.0.jar;E:\spring\springsource\repository\net\sf\jsr107cache\jsr107cache\1.0\jsr107cache-1.0.jar;E:\spring\springsource\repository\net\sourceforge\collections\collections-generic\4.01\collections-generic-4.01.jar;E:\spring\springsource\repository\net\sourceforge\findbugs\jsr305\1.3.2\jsr305-1.3.2.jar;E:\spring\springsource\repository\org\apache\commons\commons-lang3\3.0\commons-lang3-3.0.jar;E:\spring\springsource\repository\org\apache\httpcomponents\httpclient\4.1.1\httpclient-4.1.1.jar;E:\spring\springsource\repository\org\apache\httpcomponents\httpcore\4.1\httpcore-4.1.jar;E:\spring\springsource\repository\org\apache\lucene\lucene-analyzers-common\4.3.1\lucene-analyzers-common-4.3.1.jar;E:\spring\springsource\repository\org\apache\lucene\lucene-codecs\4.3.1\lucene-codecs-4.3.1.jar;E:\spring\springsource\repository\org\apache\lucene\lucene-core\4.3.1\lucene-core-4.3.1.jar;E:\spring\springsource\repository\org\apache\lucene\lucene-grouping\4.3.1\lucene-grouping-4.3.1.jar;E:\spring\springsource\repository\org\apache\lucene\lucene-highlighter\4.3.1\lucene-highlighter-4.3.1.jar;E:\spring\springsource\repository\org\apache\lucene\lucene-join\4.3.1\lucene-join-4.3.1.jar;E:\spring\springsource\repository\org\apache\lucene\lucene-memory\4.3.1\lucene-memory-4.3.1.jar;E:\spring\springsource\repository\org\apache\lucene\lucene-queries\4.3.1\lucene-queries-4.3.1.jar;E:\spring\springsource\repository\org\apache\lucene\lucene-queryparser\4.3.1\lucene-queryparser-4.3.1.jar;E:\spring\springsource\repository\org\apache\lucene\lucene-sandbox\4.3.1\lucene-sandbox-4.3.1.jar;E:\spring\springsource\repository\org\apache\lucene\lucene-spatial\4.3.1\lucene-spatial-4.3.1.jar;E:\spring\springsource\repository\org\apache\lucene\lucene-suggest\4.3.1\lucene-suggest-4.3.1.jar;E:\spring\springsource\repository\org\apache\tiles\tiles-api\2.1.2\tiles-api-2.1.2.jar;E:\spring\springsource\repository\org\apache\tiles\tiles-core\2.1.2\tiles-core-2.1.2.jar;E:\spring\springsource\repository\org\apache\tiles\tiles-jsp\2.1.2\tiles-jsp-2.1.2.jar;E:\spring\springsource\repository\org\apache\tiles\tiles-servlet\2.1.2\tiles-servlet-2.1.2.jar;E:\spring\springsource\repository\org\aspectj\aspectjrt\1.6.10\aspectjrt-1.6.10.jar;E:\spring\springsource\repository\org\aspectj\aspectjweaver\1.5.4\aspectjweaver-1.5.4.jar;E:\spring\springsource\repository\org\bouncycastle\bcmail-jdk14\1.38\bcmail-jdk14-1.38.jar;E:\spring\springsource\repository\org\bouncycastle\bcprov-jdk14\1.38\bcprov-jdk14-1.38.jar;E:\spring\springsource\repository\org\bouncycastle\bctsp-jdk14\1.38\bctsp-jdk14-1.38.jar;E:\spring\springsource\repository\org\codehaus\jackson\jackson-core-asl\1.8.1\jackson-core-asl-1.8.1.jar;E:\spring\springsource\repository\org\codehaus\jackson\jackson-mapper-asl\1.8.1\jackson-mapper-asl-1.8.1.jar;E:\spring\springsource\repository\org\codehaus\woodstox\stax2-api\3.1.1\stax2-api-3.1.1.jar;E:\spring\springsource\repository\org\codehaus\woodstox\woodstox-core-asl\4.1.1\woodstox-core-asl-4.1.1.jar;E:\spring\springsource\repository\org\elasticsearch\elasticsearch\0.90.2\elasticsearch-0.90.2.jar;E:\spring\springsource\repository\org\freemarker\freemarker\2.3.19\freemarker-2.3.19.jar;E:\spring\springsource\repository\org\glassfish\web\jstl-impl\1.2\jstl-impl-1.2.jar;E:\spring\springsource\repository\org\hibernate\hibernate-core\4.1.2\hibernate-core-4.1.2.jar;E:\spring\springsource\repository\org\hibernate\hibernate-ehcache\3.5.1-Final\hibernate-ehcache-3.5.1-Final.jar;E:\spring\springsource\repository\org\hibernate\hibernate-entitymanager\4.1.2\hibernate-entitymanager-4.1.2.jar;E:\spring\springsource\repository\org\hibernate\hibernate-validator\4.1.0.Final\hibernate-validator-4.1.0.Final.jar;E:\spring\springsource\repository\org\hibernate\common\hibernate-commons-annotations\4.0.1.Final\hibernate-commons-annotations-4.0.1.Final.jar;E:\spring\springsource\repository\org\hibernate\javax\persistence\hibernate-jpa-2.0-api\1.0.1.Final\hibernate-jpa-2.0-api-1.0.1.Final.jar;E:\spring\springsource\repository\org\infinispan\infinispan-cachestore-bdbje\5.1.4.FINAL\infinispan-cachestore-bdbje-5.1.4.FINAL.jar;E:\spring\springsource\repository\org\infinispan\infinispan-cachestore-jdbc\5.1.4.FINAL\infinispan-cachestore-jdbc-5.1.4.FINAL.jar;E:\spring\springsource\repository\org\infinispan\infinispan-core\5.1.6.FINAL\infinispan-core-5.1.6.FINAL.jar;E:\spring\springsource\repository\org\infinispan\infinispan-tree\5.1.6.FINAL\infinispan-tree-5.1.6.FINAL.jar;E:\spring\springsource\repository\org\jadira\usertype\usertype.core\3.0.0.CR1\usertype.core-3.0.0.CR1.jar;E:\spring\springsource\repository\org\jadira\usertype\usertype.spi\3.0.0.CR1\usertype.spi-3.0.0.CR1.jar;E:\spring\springsource\repository\org\jboss\jboss-common-core\2.2.14.GA\jboss-common-core-2.2.14.GA.jar;E:\spring\springsource\repository\org\jboss\cache\jbosscache-core\3.2.5.GA\jbosscache-core-3.2.5.GA.jar;E:\spring\springsource\repository\org\jboss\javaee\jboss-transaction-api\1.0.1.GA\jboss-transaction-api-1.0.1.GA.jar;E:\spring\springsource\repository\org\jboss\logging\jboss-logging\3.1.0.GA\jboss-logging-3.1.0.GA.jar;E:\spring\springsource\repository\org\jboss\logging\jboss-logging-spi\2.0.5.GA\jboss-logging-spi-2.0.5.GA.jar;E:\spring\springsource\repository\org\jboss\marshalling\jboss-marshalling\1.3.11.GA\jboss-marshalling-1.3.11.GA.jar;E:\spring\springsource\repository\org\jboss\marshalling\jboss-marshalling-river\1.3.11.GA\jboss-marshalling-river-1.3.11.GA.jar;E:\spring\springsource\repository\org\jboss\spec\javax\transaction\jboss-transaction-api_1.1_spec\1.0.0.Final\jboss-transaction-api_1.1_spec-1.0.0.Final.jar;E:\spring\springsource\repository\org\jgroups\jgroups\3.0.11.Final\jgroups-3.0.11.Final.jar;E:\spring\springsource\repository\org\joda\joda-money\0.6\joda-money-0.6.jar;E:\spring\springsource\repository\org\jopendocument\jOpenDocument\1.3b1\jOpenDocument-1.3b1.jar;E:\spring\springsource\repository\org\rhq\helpers\rhq-pluginAnnotations\3.0.4\rhq-pluginAnnotations-3.0.4.jar;E:\spring\springsource\repository\org\slf4j\jcl-over-slf4j\1.6.6\jcl-over-slf4j-1.6.6.jar;E:\spring\springsource\repository\org\slf4j\slf4j-api\1.6.6\slf4j-api-1.6.6.jar;E:\spring\springsource\repository\org\slf4j\slf4j-log4j12\1.6.6\slf4j-log4j12-1.6.6.jar;E:\spring\springsource\repository\org\springframework\spring-aop\3.1.0.RELEASE\spring-aop-3.1.0.RELEASE.jar;E:\spring\springsource\repository\org\springframework\spring-asm\3.1.0.RELEASE\spring-asm-3.1.0.RELEASE.jar;E:\spring\springsource\repository\org\springframework\spring-aspects\3.1.0.RELEASE\spring-aspects-3.1.0.RELEASE.jar;E:\spring\springsource\repository\org\springframework\spring-beans\3.1.0.RELEASE\spring-beans-3.1.0.RELEASE.jar;E:\spring\springsource\repository\org\springframework\spring-context\3.1.0.RELEASE\spring-context-3.1.0.RELEASE.jar;E:\spring\springsource\repository\org\springframework\spring-context-support\3.1.0.RELEASE\spring-context-support-3.1.0.RELEASE.jar;E:\spring\springsource\repository\org\springframework\spring-core\3.1.0.RELEASE\spring-core-3.1.0.RELEASE.jar;E:\spring\springsource\repository\org\springframework\spring-expression\3.1.0.RELEASE\spring-expression-3.1.0.RELEASE.jar;E:\spring\springsource\repository\org\springframework\spring-jdbc\3.0.7.RELEASE\spring-jdbc-3.0.7.RELEASE.jar;E:\spring\springsource\repository\org\springframework\spring-orm\3.1.0.RELEASE\spring-orm-3.1.0.RELEASE.jar;E:\spring\springsource\repository\org\springframework\spring-test\3.1.0.RELEASE\spring-test-3.1.0.RELEASE.jar;E:\spring\springsource\repository\org\springframework\spring-tx\3.0.7.RELEASE\spring-tx-3.0.7.RELEASE.jar;E:\spring\springsource\repository\org\springframework\spring-web\3.1.0.RELEASE\spring-web-3.1.0.RELEASE.jar;E:\spring\springsource\repository\org\springframework\spring-webmvc\3.1.0.RELEASE\spring-webmvc-3.1.0.RELEASE.jar;E:\spring\springsource\repository\org\springframework\security\spring-security-acl\3.1.4.RELEASE\spring-security-acl-3.1.4.RELEASE.jar;E:\spring\springsource\repository\org\springframework\security\spring-security-config\3.1.4.RELEASE\spring-security-config-3.1.4.RELEASE.jar;E:\spring\springsource\repository\org\springframework\security\spring-security-core\3.1.4.RELEASE\spring-security-core-3.1.4.RELEASE.jar;E:\spring\springsource\repository\org\springframework\security\spring-security-taglibs\3.1.4.RELEASE\spring-security-taglibs-3.1.4.RELEASE.jar;E:\spring\springsource\repository\org\springframework\security\spring-security-web\3.1.4.RELEASE\spring-security-web-3.1.4.RELEASE.jar;E:\spring\springsource\repository\org\swinglabs\pdf-renderer\1.0.5\pdf-renderer-1.0.5.jar;E:\spring\springsource\repository\xml-apis\xml-apis\1.0.b2\xml-apis-1.0.b2.jar;F:\ECOM_WORKSPACE\DP-OIMS\sm-shop\target\classes
-d
F:\ECOM_WORKSPACE\DP-OIMS\sm-shop\target\classes
F:\ECOM_WORKSPACE\DP-OIMS\sm-shop\src\main\java\com\salesmanager\web\admin\controller\content\ContentBoxesController.java
F:\ECOM_WORKSPACE\DP-OIMS\sm-shop\src\main\java\com\salesmanager\web\entity\customer\Customer.java
F:\ECOM_WORKSPACE\DP-OIMS\sm-shop\src\main\java\com\salesmanager\web\init\data\InitData.java
F:\ECOM_WORKSPACE\DP-OIMS\sm-shop\src\main\java\com\salesmanager\web\entity\customer\attribute\PersistableCustomerAttribute.java
F:\ECOM_WORKSPACE\DP-OIMS\sm-shop\src\main\java\com\salesmanager\web\populator\manufacturer\ReadableManufacturerPopulator.java
F:\ECOM_WORKSPACE\DP-OIMS\sm-shop\src\main\java\com\salesmanager\web\entity\catalog\product\ProductEntity.java
F:\ECOM_WORKSPACE\DP-OIMS\sm-shop\src\main\java\com\salesmanager\web\entity\customer\attribute\CustomerOptionEntity.java
F:\ECOM_WORKSPACE\DP-OIMS\sm-shop\src\main\java\com\salesmanager\web\entity\customer\attribute\ReadableCustomerOptionValue.java
F:\ECOM_WORKSPACE\DP-OIMS\sm-shop\src\main\java\com\salesmanager\web\entity\customer\attribute\PersistableCustomerOption.java
F:\ECOM_WORKSPACE\DP-OIMS\sm-shop\src\main\java\com\salesmanager\web\admin\controller\content\ContentImageController.java
F:\ECOM_WORKSPACE\DP-OIMS\sm-shop\src\main\java\com\salesmanager\web\shop\controller\customer\facade\CustomerFacade.java
F:\ECOM_WORKSPACE\DP-OIMS\sm-shop\src\main\java\com\salesmanager\web\entity\catalog\product\Product.java
F:\ECOM_WORKSPACE\DP-OIMS\sm-shop\src\main\java\com\salesmanager\web\images\ImagesController.java
F:\ECOM_WORKSPACE\DP-OIMS\sm-shop\src\main\java\com\salesmanager\web\admin\controller\products\ProductImagesController.java
F:\ECOM_WORKSPACE\DP-OIMS\sm-shop\src\main\java\com\salesmanager\web\admin\controller\tax\TaxClassController.java
F:\ECOM_WORKSPACE\DP-OIMS\sm-shop\src\main\java\com\salesmanager\web\entity\catalog\product\ReadableProductReview.java
F:\ECOM_WORKSPACE\DP-OIMS\sm-shop\src\main\java\com\salesmanager\web\shop\controller\shoppingCart\ShoppingCartController.java
F:\ECOM_WORKSPACE\DP-OIMS\sm-shop\src\main\java\com\salesmanager\web\admin\controller\orders\OrdersController.java
F:\ECOM_WORKSPACE\DP-OIMS\sm-shop\src\main\java\com\salesmanager\web\admin\entity\web\ConfigListWrapper.java
F:\ECOM_WORKSPACE\DP-OIMS\sm-shop\src\main\java\com\salesmanager\web\tags\AdminProductDownloadUrlTag.java
F:\ECOM_WORKSPACE\DP-OIMS\sm-shop\src\main\java\com\salesmanager\web\admin\controller\ControllerConstants.java
F:\ECOM_WORKSPACE\DP-OIMS\sm-shop\src\main\java\com\salesmanager\web\entity\shoppingcart\ShoppingCartAttribute.java
F:\ECOM_WORKSPACE\DP-OIMS\sm-shop\src\main\java\com\salesmanager\web\shop\controller\LandingController.java
F:\ECOM_WORKSPACE\DP-OIMS\sm-shop\src\main\java\com\salesmanager\web\admin\controller\shipping\ShippingMethodsController.java
F:\ECOM_WORKSPACE\DP-OIMS\sm-shop\src\main\java\com\salesmanager\web\admin\controller\products\ProductAttributeController.java
F:\ECOM_WORKSPACE\DP-OIMS\sm-shop\src\main\java\com\salesmanager\web\entity\catalog\ProductList.java
F:\ECOM_WORKSPACE\DP-OIMS\sm-shop\src\main\java\com\salesmanager\web\tags\ShopProductImageUrlTag.java
F:\ECOM_WORKSPACE\DP-OIMS\sm-shop\src\main\java\com\salesmanager\web\admin\entity\catalog\Product.java
F:\ECOM_WORKSPACE\DP-OIMS\sm-shop\src\main\java\com\salesmanager\web\entity\catalog\product\attribute\PersistableProductOption.java
F:\ECOM_WORKSPACE\DP-OIMS\sm-shop\src\main\java\com\salesmanager\web\utils\DateUtil.java
F:\ECOM_WORKSPACE\DP-OIMS\sm-shop\src\main\java\com\salesmanager\web\populator\customer\CustomerPopulator.java
F:\ECOM_WORKSPACE\DP-OIMS\sm-shop\src\main\java\com\salesmanager\web\admin\controller\products\ManufacturerController.java
F:\ECOM_WORKSPACE\DP-OIMS\sm-shop\src\main\java\com\salesmanager\web\shop\controller\customer\CustomerRegistrationController.java
F:\ECOM_WORKSPACE\DP-OIMS\sm-shop\src\main\java\com\salesmanager\web\services\controller\category\ShoppingCategoryRESTController.java
F:\ECOM_WORKSPACE\DP-OIMS\sm-shop\src\main\java\com\salesmanager\web\entity\catalog\category\Category.java
F:\ECOM_WORKSPACE\DP-OIMS\sm-shop\src\main\java\com\salesmanager\web\shop\controller\customer\CustomerProductReviewController.java
F:\ECOM_WORKSPACE\DP-OIMS\sm-shop\src\main\java\com\salesmanager\web\entity\catalog\product\ReadableProduct.java
F:\ECOM_WORKSPACE\DP-OIMS\sm-shop\src\main\java\com\salesmanager\web\entity\catalog\product\attribute\ProductOptionDescription.java
F:\ECOM_WORKSPACE\DP-OIMS\sm-shop\src\main\java\com\salesmanager\web\entity\Entity.java
F:\ECOM_WORKSPACE\DP-OIMS\sm-shop\src\main\java\com\salesmanager\web\entity\order\PersistableOrderProduct.java
F:\ECOM_WORKSPACE\DP-OIMS\sm-shop\src\main\java\com\salesmanager\web\entity\customer\attribute\CustomerOptionValueEntity.java
F:\ECOM_WORKSPACE\DP-OIMS\sm-shop\src\main\java\com\salesmanager\web\entity\customer\attribute\ReadableCustomerAttribute.java
F:\ECOM_WORKSPACE\DP-OIMS\sm-shop\src\main\java\com\salesmanager\web\admin\controller\shipping\ShippingConfigsController.java
F:\ECOM_WORKSPACE\DP-OIMS\sm-shop\src\main\java\com\salesmanager\web\admin\entity\catalog\Manufacturer.java
F:\ECOM_WORKSPACE\DP-OIMS\sm-shop\src\main\java\com\salesmanager\web\entity\shop\BreadcrumbItemType.java
F:\ECOM_WORKSPACE\DP-OIMS\sm-shop\src\main\java\com\salesmanager\web\admin\entity\web\Menu.java
F:\ECOM_WORKSPACE\DP-OIMS\sm-shop\src\main\java\com\salesmanager\web\admin\entity\reference\Size.java
F:\ECOM_WORKSPACE\DP-OIMS\sm-shop\src\main\java\com\salesmanager\web\utils\LocaleUtils.java
F:\ECOM_WORKSPACE\DP-OIMS\sm-shop\src\main\java\com\salesmanager\web\admin\entity\reference\Weight.java
F:\ECOM_WORKSPACE\DP-OIMS\sm-shop\src\main\java\com\salesmanager\web\admin\entity\secutity\Password.java
F:\ECOM_WORKSPACE\DP-OIMS\sm-shop\src\main\java\com\salesmanager\web\admin\controller\shipping\ShippingOptionsController.java
F:\ECOM_WORKSPACE\DP-OIMS\sm-shop\src\main\java\com\salesmanager\web\shop\controller\order\ShoppingOrderDownloadController.java
F:\ECOM_WORKSPACE\DP-OIMS\sm-shop\src\main\java\com\salesmanager\web\admin\entity\catalog\ProductPrice.java
F:\ECOM_WORKSPACE\DP-OIMS\sm-shop\src\main\java\com\salesmanager\web\shop\model\filter\QueryFilter.java
F:\ECOM_WORKSPACE\DP-OIMS\sm-shop\src\main\java\com\salesmanager\web\admin\controller\configurations\ConfigurationController.java
F:\ECOM_WORKSPACE\DP-OIMS\sm-shop\src\main\java\com\salesmanager\web\entity\catalog\product\ReadableProductList.java
F:\ECOM_WORKSPACE\DP-OIMS\sm-shop\src\main\java\com\salesmanager\web\entity\customer\attribute\CustomerOptionValue.java
F:\ECOM_WORKSPACE\DP-OIMS\sm-shop\src\main\java\com\salesmanager\web\entity\catalog\ReadableImage.java
F:\ECOM_WORKSPACE\DP-OIMS\sm-shop\src\main\java\com\salesmanager\web\populator\catalog\ReadableProductReviewPopulator.java
F:\ECOM_WORKSPACE\DP-OIMS\sm-shop\src\main\java\com\salesmanager\web\populator\customer\CustomerOptionPopulator.java
F:\ECOM_WORKSPACE\DP-OIMS\sm-shop\src\main\java\com\salesmanager\web\admin\controller\user\UserController.java
F:\ECOM_WORKSPACE\DP-OIMS\sm-shop\src\main\java\com\salesmanager\web\populator\catalog\PersistableCategoryPopulator.java
F:\ECOM_WORKSPACE\DP-OIMS\sm-shop\src\main\java\com\salesmanager\web\admin\controller\tax\TaxRatesController.java
F:\ECOM_WORKSPACE\DP-OIMS\sm-shop\src\main\java\com\salesmanager\web\entity\catalog\product\PersistableProduct.java
F:\ECOM_WORKSPACE\DP-OIMS\sm-shop\src\main\java\com\salesmanager\web\entity\catalog\product\attribute\ProductOptionValueEntity.java
F:\ECOM_WORKSPACE\DP-OIMS\sm-shop\src\main\java\com\salesmanager\web\shop\controller\product\ShopProductController.java
F:\ECOM_WORKSPACE\DP-OIMS\sm-shop\src\main\java\com\salesmanager\web\entity\catalog\category\CategoryEntity.java
F:\ECOM_WORKSPACE\DP-OIMS\sm-shop\src\main\java\com\salesmanager\web\utils\MerchantUtils.java
F:\ECOM_WORKSPACE\DP-OIMS\sm-shop\src\main\java\com\salesmanager\web\admin\controller\user\GroupsController.java
F:\ECOM_WORKSPACE\DP-OIMS\sm-shop\src\main\java\com\salesmanager\web\admin\security\SecurityQuestion.java
F:\ECOM_WORKSPACE\DP-OIMS\sm-shop\src\main\java\com\salesmanager\web\init\data\InitializationLoader.java
F:\ECOM_WORKSPACE\DP-OIMS\sm-shop\src\main\java\com\salesmanager\web\entity\customer\attribute\ReadableCustomerOption.java
F:\ECOM_WORKSPACE\DP-OIMS\sm-shop\src\main\java\com\salesmanager\web\admin\controller\products\CustomProductGroupsController.java
F:\ECOM_WORKSPACE\DP-OIMS\sm-shop\src\main\java\com\salesmanager\web\entity\catalog\category\CategoryDescription.java
F:\ECOM_WORKSPACE\DP-OIMS\sm-shop\src\main\java\com\salesmanager\web\admin\entity\digital\ProductFiles.java
F:\ECOM_WORKSPACE\DP-OIMS\sm-shop\src\main\java\com\salesmanager\web\admin\entity\orders\Refund.java
F:\ECOM_WORKSPACE\DP-OIMS\sm-shop\src\main\java\com\salesmanager\web\admin\entity\orders\Order.java
F:\ECOM_WORKSPACE\DP-OIMS\sm-shop\src\main\java\com\salesmanager\web\tags\StoreFooterlTag.java
F:\ECOM_WORKSPACE\DP-OIMS\sm-shop\src\main\java\com\salesmanager\web\tags\ContentImageUrlTag.java
F:\ECOM_WORKSPACE\DP-OIMS\sm-shop\src\main\java\com\salesmanager\web\populator\customer\PersistableCustomerPopulator.java
F:\ECOM_WORKSPACE\DP-OIMS\sm-shop\src\main\java\com\salesmanager\web\populator\order\OrderProductPopulator.java
F:\ECOM_WORKSPACE\DP-OIMS\sm-shop\src\main\java\com\salesmanager\web\shop\controller\shoppingCart\facade\ShoppingCartFacade.java
F:\ECOM_WORKSPACE\DP-OIMS\sm-shop\src\main\java\com\salesmanager\web\populator\manufacturer\PersistableManufacturerPopulator.java
F:\ECOM_WORKSPACE\DP-OIMS\sm-shop\src\main\java\com\salesmanager\web\entity\catalog\product\attribute\ReadableProductAttribute.java
F:\ECOM_WORKSPACE\DP-OIMS\sm-shop\src\main\java\com\salesmanager\web\populator\catalog\ReadableProductPricePopulator.java
F:\ECOM_WORKSPACE\DP-OIMS\sm-shop\src\main\java\com\salesmanager\web\entity\order\ShopOrder.java
F:\ECOM_WORKSPACE\DP-OIMS\sm-shop\src\main\java\com\salesmanager\web\populator\customer\PersistableCustomerOptionValuePopulator.java
F:\ECOM_WORKSPACE\DP-OIMS\sm-shop\src\main\java\com\salesmanager\web\entity\catalog\CatalogEntity.java
F:\ECOM_WORKSPACE\DP-OIMS\sm-shop\src\main\java\com\salesmanager\web\admin\entity\customer\attribute\CustomerAttributes.java
F:\ECOM_WORKSPACE\DP-OIMS\sm-shop\src\main\java\com\salesmanager\web\tags\StoreLogoUrlTag.java
F:\ECOM_WORKSPACE\DP-OIMS\sm-shop\src\main\java\com\salesmanager\web\entity\catalog\manufacturer\ManufacturerDescription.java
F:\ECOM_WORKSPACE\DP-OIMS\sm-shop\src\main\java\com\salesmanager\web\admin\controller\customers\CustomerOptionsSetController.java
F:\ECOM_WORKSPACE\DP-OIMS\sm-shop\src\main\java\com\salesmanager\web\admin\controller\products\RelatedItemsController.java
F:\ECOM_WORKSPACE\DP-OIMS\sm-shop\src\main\java\com\salesmanager\web\tags\ManufacturerImageUrlTag.java
F:\ECOM_WORKSPACE\DP-OIMS\sm-shop\src\main\java\com\salesmanager\web\entity\catalog\category\ReadableCategory.java
F:\ECOM_WORKSPACE\DP-OIMS\sm-shop\src\main\java\com\salesmanager\web\utils\EmailUtils.java
F:\ECOM_WORKSPACE\DP-OIMS\sm-shop\src\main\java\com\salesmanager\web\admin\controller\merchant\StoreLandingController.java
F:\ECOM_WORKSPACE\DP-OIMS\sm-shop\src\main\java\com\salesmanager\web\constants\Constants.java
F:\ECOM_WORKSPACE\DP-OIMS\sm-shop\src\main\java\com\salesmanager\web\admin\entity\catalog\Keyword.java
F:\ECOM_WORKSPACE\DP-OIMS\sm-shop\src\main\java\com\salesmanager\web\filter\AdminFilter.java
F:\ECOM_WORKSPACE\DP-OIMS\sm-shop\src\main\java\com\salesmanager\web\entity\order\ReadableOrderProduct.java
F:\ECOM_WORKSPACE\DP-OIMS\sm-shop\src\main\java\com\salesmanager\web\admin\controller\products\DigitalProductController.java
F:\ECOM_WORKSPACE\DP-OIMS\sm-shop\src\main\java\com\salesmanager\web\entity\customer\Address.java
F:\ECOM_WORKSPACE\DP-OIMS\sm-shop\src\main\java\com\salesmanager\web\shop\controller\merchant\ContactUsController.java
F:\ECOM_WORKSPACE\DP-OIMS\sm-shop\src\main\java\com\salesmanager\web\entity\order\PersistableOrder.java
F:\ECOM_WORKSPACE\DP-OIMS\sm-shop\src\main\java\com\salesmanager\web\populator\catalog\ReadableCategoryPopulator.java
F:\ECOM_WORKSPACE\DP-OIMS\sm-shop\src\main\java\com\salesmanager\web\tags\ProductImageUrlTag.java
F:\ECOM_WORKSPACE\DP-OIMS\sm-shop\src\main\java\com\salesmanager\web\admin\entity\merchant\StoreLandingDescription.java
F:\ECOM_WORKSPACE\DP-OIMS\sm-shop\src\main\java\com\salesmanager\web\entity\order\OrderEntity.java
F:\ECOM_WORKSPACE\DP-OIMS\sm-shop\src\main\java\com\salesmanager\web\admin\controller\products\ProductsController.java
F:\ECOM_WORKSPACE\DP-OIMS\sm-shop\src\main\java\com\salesmanager\web\admin\controller\products\FeaturedItemsController.java
F:\ECOM_WORKSPACE\DP-OIMS\sm-shop\src\main\java\com\salesmanager\web\entity\catalog\product\attribute\PersistableProductAttribute.java
F:\ECOM_WORKSPACE\DP-OIMS\sm-shop\src\main\java\com\salesmanager\web\entity\customer\attribute\CustomerOption.java
F:\ECOM_WORKSPACE\DP-OIMS\sm-shop\src\main\java\com\salesmanager\web\admin\controller\products\OptionsValueController.java
F:\ECOM_WORKSPACE\DP-OIMS\sm-shop\src\main\java\com\salesmanager\web\entity\catalog\product\RelatedProduct.java
F:\ECOM_WORKSPACE\DP-OIMS\sm-shop\src\main\java\com\salesmanager\web\shop\controller\AbstractController.java
F:\ECOM_WORKSPACE\DP-OIMS\sm-shop\src\main\java\com\salesmanager\web\admin\controller\categories\CategoryController.java
F:\ECOM_WORKSPACE\DP-OIMS\sm-shop\src\main\java\com\salesmanager\web\entity\catalog\product\attribute\ProductAttribute.java
F:\ECOM_WORKSPACE\DP-OIMS\sm-shop\src\main\java\com\salesmanager\web\populator\catalog\ReadableProductPopulator.java
F:\ECOM_WORKSPACE\DP-OIMS\sm-shop\src\main\java\com\salesmanager\web\populator\catalog\PersistableProductPopulator.java
F:\ECOM_WORKSPACE\DP-OIMS\sm-shop\src\main\java\com\salesmanager\web\shop\controller\order\ShoppingOrderController.java
F:\ECOM_WORKSPACE\DP-OIMS\sm-shop\src\main\java\com\salesmanager\web\entity\catalog\product\attribute\ProductOptionValueDescription.java
F:\ECOM_WORKSPACE\DP-OIMS\sm-shop\src\main\java\com\salesmanager\web\admin\controller\user\PermissionController.java
F:\ECOM_WORKSPACE\DP-OIMS\sm-shop\src\main\java\com\salesmanager\web\admin\security\SecurityDataAccessException.java
F:\ECOM_WORKSPACE\DP-OIMS\sm-shop\src\main\java\com\salesmanager\web\entity\catalog\product\attribute\PersistableProductOptionValue.java
F:\ECOM_WORKSPACE\DP-OIMS\sm-shop\src\main\java\com\salesmanager\web\constants\ApplicationConstants.java
F:\ECOM_WORKSPACE\DP-OIMS\sm-shop\src\main\java\com\salesmanager\web\admin\controller\orders\OrderControler.java
F:\ECOM_WORKSPACE\DP-OIMS\sm-shop\src\main\java\com\salesmanager\web\entity\customer\attribute\PersistableCustomerOptionValue.java
F:\ECOM_WORKSPACE\DP-OIMS\sm-shop\src\main\java\com\salesmanager\web\entity\customer\SecuredCustomer.java
F:\ECOM_WORKSPACE\DP-OIMS\sm-shop\src\main\java\com\salesmanager\web\shop\controller\customer\facade\CustomerFacadeImpl.java
F:\ECOM_WORKSPACE\DP-OIMS\sm-shop\src\main\java\com\salesmanager\web\entity\catalog\product\ReadableProductPrice.java
F:\ECOM_WORKSPACE\DP-OIMS\sm-shop\src\main\java\com\salesmanager\web\admin\entity\content\ProductImages.java
F:\ECOM_WORKSPACE\DP-OIMS\sm-shop\src\main\java\com\salesmanager\web\utils\LabelUtils.java
F:\ECOM_WORKSPACE\DP-OIMS\sm-shop\src\main\java\com\salesmanager\web\admin\controller\content\ContentController.java
F:\ECOM_WORKSPACE\DP-OIMS\sm-shop\src\main\java\com\salesmanager\web\entity\catalog\SearchProductList.java
F:\ECOM_WORKSPACE\DP-OIMS\sm-shop\src\main\java\com\salesmanager\web\populator\customer\ReadableCustomerPopulator.java
F:\ECOM_WORKSPACE\DP-OIMS\sm-shop\src\main\java\com\salesmanager\web\admin\security\UserAuthenticationSuccessHandler.java
F:\ECOM_WORKSPACE\DP-OIMS\sm-shop\src\main\java\com\salesmanager\web\admin\controller\user\LoginController.java
F:\ECOM_WORKSPACE\DP-OIMS\sm-shop\src\main\java\com\salesmanager\web\services\security\ServicesAuthenticationEntryPoint.java
F:\ECOM_WORKSPACE\DP-OIMS\sm-shop\src\main\java\com\salesmanager\web\entity\catalog\manufacturer\ManufacturerEntity.java
F:\ECOM_WORKSPACE\DP-OIMS\sm-shop\src\main\java\com\salesmanager\web\entity\shop\BreadcrumbItem.java
F:\ECOM_WORKSPACE\DP-OIMS\sm-shop\src\main\java\com\salesmanager\web\admin\entity\customer\attribute\CustomerOption.java
F:\ECOM_WORKSPACE\DP-OIMS\sm-shop\src\main\java\com\salesmanager\web\services\security\CustomerServicesImpl.java
F:\ECOM_WORKSPACE\DP-OIMS\sm-shop\src\main\java\com\salesmanager\web\admin\controller\content\ContentPagesController.java
F:\ECOM_WORKSPACE\DP-OIMS\sm-shop\src\main\java\com\salesmanager\web\entity\customer\attribute\CustomerAttribute.java
F:\ECOM_WORKSPACE\DP-OIMS\sm-shop\src\main\java\com\salesmanager\web\shop\controller\content\ShopContentController.java
F:\ECOM_WORKSPACE\DP-OIMS\sm-shop\src\main\java\com\salesmanager\web\admin\entity\customer\attribute\CustomerOptionValue.java
F:\ECOM_WORKSPACE\DP-OIMS\sm-shop\src\main\java\com\salesmanager\web\entity\shop\PageInformation.java
F:\ECOM_WORKSPACE\DP-OIMS\sm-shop\src\main\java\com\salesmanager\web\shop\controller\order\facade\OrderFacade.java
F:\ECOM_WORKSPACE\DP-OIMS\sm-shop\src\main\java\com\salesmanager\web\admin\entity\content\ContentFiles.java
F:\ECOM_WORKSPACE\DP-OIMS\sm-shop\src\main\java\com\salesmanager\web\entity\shoppingcart\ShoppingCartData.java
F:\ECOM_WORKSPACE\DP-OIMS\sm-shop\src\main\java\com\salesmanager\web\shop\model\catalog\Attribute.java
F:\ECOM_WORKSPACE\DP-OIMS\sm-shop\src\main\java\com\salesmanager\web\entity\catalog\category\PersistableCategory.java
F:\ECOM_WORKSPACE\DP-OIMS\sm-shop\src\main\java\com\salesmanager\web\entity\catalog\manufacturer\ReadableManufacturer.java
F:\ECOM_WORKSPACE\DP-OIMS\sm-shop\src\main\java\com\salesmanager\web\admin\controller\tax\TaxConfigurationController.java
F:\ECOM_WORKSPACE\DP-OIMS\sm-shop\src\main\java\com\salesmanager\web\tags\ShopProductPriceFormatTag.java
F:\ECOM_WORKSPACE\DP-OIMS\sm-shop\src\main\java\com\salesmanager\web\admin\security\UserServicesImpl.java
F:\ECOM_WORKSPACE\DP-OIMS\sm-shop\src\main\java\com\salesmanager\web\entity\catalog\product\ProductDescription.java
F:\ECOM_WORKSPACE\DP-OIMS\sm-shop\src\main\java\com\salesmanager\web\entity\order\OrderTotal.java
F:\ECOM_WORKSPACE\DP-OIMS\sm-shop\src\main\java\com\salesmanager\web\utils\SessionUtil.java
F:\ECOM_WORKSPACE\DP-OIMS\sm-shop\src\main\java\com\salesmanager\web\entity\catalog\manufacturer\PersistableManufacturer.java
F:\ECOM_WORKSPACE\DP-OIMS\sm-shop\src\main\java\com\salesmanager\web\shop\model\filter\QueryFilterType.java
F:\ECOM_WORKSPACE\DP-OIMS\sm-shop\src\main\java\com\salesmanager\web\populator\customer\CustomerEntityPopulator.java
F:\ECOM_WORKSPACE\DP-OIMS\sm-shop\src\main\java\com\salesmanager\web\entity\order\CartModificationException.java
F:\ECOM_WORKSPACE\DP-OIMS\sm-shop\src\main\java\com\salesmanager\web\entity\order\Order.java
F:\ECOM_WORKSPACE\DP-OIMS\sm-shop\src\main\java\com\salesmanager\web\entity\shoppingcart\ShoppingCartItem.java
F:\ECOM_WORKSPACE\DP-OIMS\sm-shop\src\main\java\com\salesmanager\web\entity\customer\attribute\CustomerAttributeEntity.java
F:\ECOM_WORKSPACE\DP-OIMS\sm-shop\src\main\java\com\salesmanager\web\entity\customer\attribute\CustomerOptionValueDescription.java
F:\ECOM_WORKSPACE\DP-OIMS\sm-shop\src\main\java\com\salesmanager\web\populator\order\ShoppingCartItemPopulator.java
F:\ECOM_WORKSPACE\DP-OIMS\sm-shop\src\main\java\com\salesmanager\web\utils\FilePathUtils.java
F:\ECOM_WORKSPACE\DP-OIMS\sm-shop\src\main\java\com\salesmanager\web\shop\controller\order\facade\OrderFacadeImpl.java
F:\ECOM_WORKSPACE\DP-OIMS\sm-shop\src\main\java\com\salesmanager\web\entity\customer\ReadableCustomer.java
F:\ECOM_WORKSPACE\DP-OIMS\sm-shop\src\main\java\com\salesmanager\web\utils\ImageFilePathUtils.java
F:\ECOM_WORKSPACE\DP-OIMS\sm-shop\src\main\java\com\salesmanager\web\admin\controller\customers\CustomerOptionsValueController.java
F:\ECOM_WORKSPACE\DP-OIMS\sm-shop\src\main\java\com\salesmanager\web\populator\catalog\PersistableProductReviewPopulator.java
F:\ECOM_WORKSPACE\DP-OIMS\sm-shop\src\main\java\com\salesmanager\web\services\controller\customer\CustomerRESTController.java
F:\ECOM_WORKSPACE\DP-OIMS\sm-shop\src\main\java\com\salesmanager\web\entity\catalog\product\PersistableImage.java
F:\ECOM_WORKSPACE\DP-OIMS\sm-shop\src\main\java\com\salesmanager\web\entity\customer\CustomerEntity.java
F:\ECOM_WORKSPACE\DP-OIMS\sm-shop\src\main\java\com\salesmanager\web\admin\controller\products\ProductKeywordsController.java
F:\ECOM_WORKSPACE\DP-OIMS\sm-shop\src\main\java\com\salesmanager\web\admin\controller\customers\CustomerController.java
F:\ECOM_WORKSPACE\DP-OIMS\sm-shop\src\main\java\com\salesmanager\web\entity\ShopEntity.java
F:\ECOM_WORKSPACE\DP-OIMS\sm-shop\src\main\java\com\salesmanager\web\utils\TokenizeTool.java
F:\ECOM_WORKSPACE\DP-OIMS\sm-shop\src\main\java\com\salesmanager\web\entity\shop\Breadcrumb.java
F:\ECOM_WORKSPACE\DP-OIMS\sm-shop\src\main\java\com\salesmanager\web\entity\order\OrderProductEntity.java
F:\ECOM_WORKSPACE\DP-OIMS\sm-shop\src\main\java\com\salesmanager\web\init\data\InitStoreData.java
F:\ECOM_WORKSPACE\DP-OIMS\sm-shop\src\main\java\com\salesmanager\web\admin\controller\user\SecurityController.java
F:\ECOM_WORKSPACE\DP-OIMS\sm-shop\src\main\java\com\salesmanager\web\admin\controller\content\StaticContentController.java
F:\ECOM_WORKSPACE\DP-OIMS\sm-shop\src\main\java\com\salesmanager\web\filter\StoreFilter.java
F:\ECOM_WORKSPACE\DP-OIMS\sm-shop\src\main\java\com\salesmanager\web\shop\controller\customer\CustomerDashboardController.java
F:\ECOM_WORKSPACE\DP-OIMS\sm-shop\src\main\java\com\salesmanager\web\populator\order\PersistableOrderProductPopulator.java
F:\ECOM_WORKSPACE\DP-OIMS\sm-shop\src\main\java\com\salesmanager\web\populator\shoppingCart\ShoppingCartDataPopulator.java
F:\ECOM_WORKSPACE\DP-OIMS\sm-shop\src\main\java\com\salesmanager\web\entity\customer\PersistableCustomer.java
F:\ECOM_WORKSPACE\DP-OIMS\sm-shop\src\main\java\com\salesmanager\web\admin\controller\merchant\MerchantStoreController.java
F:\ECOM_WORKSPACE\DP-OIMS\sm-shop\src\main\java\com\salesmanager\web\populator\catalog\PersistableProductOptionValuePopulator.java
F:\ECOM_WORKSPACE\DP-OIMS\sm-shop\src\main\java\com\salesmanager\web\populator\shoppingCart\ShoppingCartModelPopulator.java
F:\ECOM_WORKSPACE\DP-OIMS\sm-shop\src\main\java\com\salesmanager\web\admin\controller\payments\PaymentsController.java
F:\ECOM_WORKSPACE\DP-OIMS\sm-shop\src\main\java\com\salesmanager\web\entity\order\OrderProduct.java
F:\ECOM_WORKSPACE\DP-OIMS\sm-shop\src\main\java\com\salesmanager\web\shop\model\catalog\AttributeValue.java
F:\ECOM_WORKSPACE\DP-OIMS\sm-shop\src\main\java\com\salesmanager\web\services\security\ServicesAuthenticationSuccessHandler.java
F:\ECOM_WORKSPACE\DP-OIMS\sm-shop\src\main\java\com\salesmanager\web\entity\catalog\product\attribute\ProductOptionEntity.java
F:\ECOM_WORKSPACE\DP-OIMS\sm-shop\src\main\java\com\salesmanager\web\tags\ProductDescriptionUrlTag.java
F:\ECOM_WORKSPACE\DP-OIMS\sm-shop\src\main\java\com\salesmanager\web\reference\ReferenceController.java
F:\ECOM_WORKSPACE\DP-OIMS\sm-shop\src\main\java\com\salesmanager\web\admin\controller\products\ProductController.java
F:\ECOM_WORKSPACE\DP-OIMS\sm-shop\src\main\java\com\salesmanager\web\tags\ShopProductRelationshipTag.java
F:\ECOM_WORKSPACE\DP-OIMS\sm-shop\src\main\java\com\salesmanager\web\admin\controller\products\OptionsController.java
F:\ECOM_WORKSPACE\DP-OIMS\sm-shop\src\main\java\com\salesmanager\web\populator\catalog\PersistableProductOptionPopulator.java
F:\ECOM_WORKSPACE\DP-OIMS\sm-shop\src\main\java\com\salesmanager\web\admin\controller\products\ProductPriceController.java
F:\ECOM_WORKSPACE\DP-OIMS\sm-shop\src\main\java\com\salesmanager\web\entity\order\ReadableOrder.java
F:\ECOM_WORKSPACE\DP-OIMS\sm-shop\src\main\java\com\salesmanager\web\services\controller\order\OrderRESTController.java
F:\ECOM_WORKSPACE\DP-OIMS\sm-shop\src\main\java\com\salesmanager\web\utils\PageBuilderUtils.java
F:\ECOM_WORKSPACE\DP-OIMS\sm-shop\src\main\java\com\salesmanager\web\entity\catalog\product\attribute\ProductAttributeEntity.java
F:\ECOM_WORKSPACE\DP-OIMS\sm-shop\src\main\java\com\salesmanager\web\entity\customer\attribute\CustomerOptionDescription.java
F:\ECOM_WORKSPACE\DP-OIMS\sm-shop\src\main\java\com\salesmanager\web\populator\order\PersistableOrderPopulator.java
F:\ECOM_WORKSPACE\DP-OIMS\sm-shop\src\main\java\com\salesmanager\web\shop\controller\shoppingCart\facade\ShoppingCartFacadeImpl.java
F:\ECOM_WORKSPACE\DP-OIMS\sm-shop\src\main\java\com\salesmanager\web\utils\AppConfiguration.java
F:\ECOM_WORKSPACE\DP-OIMS\sm-shop\src\main\java\com\salesmanager\web\admin\controller\products\ProductReviewController.java
F:\ECOM_WORKSPACE\DP-OIMS\sm-shop\src\main\java\com\salesmanager\web\shop\controller\shoppingCart\MiniCartController.java
F:\ECOM_WORKSPACE\DP-OIMS\sm-shop\src\main\java\com\salesmanager\web\populator\customer\PersistableCustomerOptionPopulator.java
F:\ECOM_WORKSPACE\DP-OIMS\sm-shop\src\main\java\com\salesmanager\web\shop\controller\customer\CustomerLoginController.java
F:\ECOM_WORKSPACE\DP-OIMS\sm-shop\src\main\java\com\salesmanager\web\shop\controller\search\SearchController.java
F:\ECOM_WORKSPACE\DP-OIMS\sm-shop\src\main\java\com\salesmanager\web\admin\controller\configurations\SystemConfigurationController.java
F:\ECOM_WORKSPACE\DP-OIMS\sm-shop\src\main\java\com\salesmanager\web\admin\entity\merchant\StoreLanding.java
F:\ECOM_WORKSPACE\DP-OIMS\sm-shop\src\main\java\com\salesmanager\web\admin\entity\userpassword\UserReset.java
F:\ECOM_WORKSPACE\DP-OIMS\sm-shop\src\main\java\com\salesmanager\web\entity\catalog\manufacturer\Manufacturer.java
F:\ECOM_WORKSPACE\DP-OIMS\sm-shop\src\main\java\com\salesmanager\web\constants\EmailConstants.java
F:\ECOM_WORKSPACE\DP-OIMS\sm-shop\src\main\java\com\salesmanager\web\entity\catalog\product\PersistableProductReview.java
F:\ECOM_WORKSPACE\DP-OIMS\sm-shop\src\main\java\com\salesmanager\web\entity\catalog\product\ProductReviewEntity.java
F:\ECOM_WORKSPACE\DP-OIMS\sm-shop\src\main\java\com\salesmanager\web\populator\order\ReadableOrderPopulator.java
F:\ECOM_WORKSPACE\DP-OIMS\sm-shop\src\main\java\com\salesmanager\web\files\FilesController.java
F:\ECOM_WORKSPACE\DP-OIMS\sm-shop\src\main\java\com\salesmanager\web\utils\UserUtils.java
F:\ECOM_WORKSPACE\DP-OIMS\sm-shop\src\main\java\com\salesmanager\web\shop\controller\category\ShoppingCategoryController.java
F:\ECOM_WORKSPACE\DP-OIMS\sm-shop\src\main\java\com\salesmanager\web\entity\catalog\product\attribute\ProductOptionValue.java
F:\ECOM_WORKSPACE\DP-OIMS\sm-shop\src\main\java\com\salesmanager\web\admin\security\WebUserServices.java
F:\ECOM_WORKSPACE\DP-OIMS\sm-shop\src\main\java\com\salesmanager\web\admin\controller\configurations\CacheController.java
F:\ECOM_WORKSPACE\DP-OIMS\sm-shop\src\main\java\com\salesmanager\web\admin\controller\customers\CustomerOptionsController.java
F:\ECOM_WORKSPACE\DP-OIMS\sm-shop\src\main\java\com\salesmanager\web\shop\controller\ControllerConstants.java
F:\ECOM_WORKSPACE\DP-OIMS\sm-shop\src\main\java\com\salesmanager\web\admin\controller\AdminController.java
F:\ECOM_WORKSPACE\DP-OIMS\sm-shop\src\main\java\com\salesmanager\web\admin\controller\shipping\CustomShippingMethodsController.java
F:\ECOM_WORKSPACE\DP-OIMS\sm-shop\src\main\java\com\salesmanager\web\admin\controller\shipping\ShippingPackagingController.java
F:\ECOM_WORKSPACE\DP-OIMS\sm-shop\src\main\java\com\salesmanager\web\shop\controller\customer\CustomerAccountController.java
F:\ECOM_WORKSPACE\DP-OIMS\sm-shop\src\main\java\com\salesmanager\web\entity\catalog\product\attribute\ProductOption.java
F:\ECOM_WORKSPACE\DP-OIMS\sm-shop\src\main\java\com\salesmanager\web\admin\controller\merchant\StoreBrandingController.java
F:\ECOM_WORKSPACE\DP-OIMS\sm-shop\src\main\java\com\salesmanager\web\shop\model\search\AutoCompleteRequest.java
F:\ECOM_WORKSPACE\DP-OIMS\sm-shop\src\main\java\com\salesmanager\web\services\controller\product\ShopProductRESTController.java
